\BOOKMARK [1][-]{section*.1}{\376\377\144\130\211\201}{}% 1
\BOOKMARK [1][-]{section*.2}{\376\377\000A\000b\000s\000t\000r\000a\000c\000t}{}% 2
\BOOKMARK [1][-]{section.1}{\376\377\137\025\212\000}{}% 3
\BOOKMARK [1][-]{section.2}{\376\377\142\151\145\143\165\037\142\020\152\041\127\213\166\204\145\160\133\146\123\237\164\006\116\016\164\006\213\272\143\250\133\374}{}% 4
\BOOKMARK [2][-]{subsection.2.1}{\376\377\142\151\145\143\152\041\127\213\166\204\127\372\147\054\150\106\147\266}{section.2}% 5
\BOOKMARK [3][-]{subsubsection.2.1.1}{\376\377\122\115\124\021\142\151\145\143\217\307\172\013\377\032\127\372\116\216\232\154\134\024\123\357\131\053\224\376\166\204\232\330\145\257\122\240\126\152\147\072\122\066}{subsection.2.1}% 6
\BOOKMARK [3][-]{subsubsection.2.1.2}{\376\377\220\006\124\021\123\273\126\152\217\307\172\013\377\032\123\302\145\160\123\026\166\204\123\273\126\152\122\006\136\003\117\060\213\241}{subsection.2.1}% 7
\BOOKMARK [2][-]{subsection.2.2}{\376\377\123\330\122\006\143\250\145\255\116\016\166\356\150\007\121\375\145\160\143\250\133\374}{section.2}% 8
\BOOKMARK [3][-]{subsubsection.2.2.1}{\376\377\123\330\122\006\116\013\165\114\377\010\000E\000L\000B\000O\377\011\166\204\145\160\133\146\143\250\133\374\116\016\134\125\137\000}{subsection.2.2}% 9
\BOOKMARK [3][-]{subsubsection.2.2.2}{\376\377\000K\000L\145\143\136\246\116\016\221\315\123\302\145\160\123\026\142\200\135\347\166\204\136\224\165\050}{subsection.2.2}% 10
\BOOKMARK [2][-]{subsection.2.3}{\376\377\220\006\124\021\217\307\172\013\166\204\123\302\145\160\123\026\116\016\117\030\123\026\166\356\150\007}{section.2}% 11
\BOOKMARK [3][-]{subsubsection.2.3.1}{\376\377\145\271\135\356\173\126\165\145\116\016\127\107\120\074\166\204\221\315\123\302\145\160\123\026}{subsection.2.3}% 12
\BOOKMARK [3][-]{subsubsection.2.3.2}{\376\377\173\200\123\026\143\137\131\061\121\375\145\160\116\016\123\273\126\152\137\227\122\006\123\071\221\115\166\204\200\124\174\373}{subsection.2.3}% 13
\BOOKMARK [2][-]{subsection.2.4}{\376\377\221\307\150\067\173\227\154\325\116\016\171\273\145\143\145\160\143\156\131\004\164\006}{section.2}% 14
\BOOKMARK [3][-]{subsubsection.2.4.1}{\376\377\221\307\150\067\217\307\172\013\377\032\147\027\116\113\116\007\122\250\122\233\133\146\211\306\211\322}{subsection.2.4}% 15
\BOOKMARK [3][-]{subsubsection.2.4.2}{\376\377\145\160\143\156\177\051\145\076\116\016\211\343\170\001\230\171\000\040\000L\0000}{subsection.2.4}% 16
\BOOKMARK [1][-]{section.3}{\376\377\126\376\120\317\165\037\142\020\152\041\127\213\166\204\213\276\213\241\116\016\173\227\154\325\133\236\163\260}{}% 17
\BOOKMARK [2][-]{subsection.3.1}{\376\377\152\041\127\213\145\164\117\123\147\266\147\204\213\276\213\241}{section.3}% 18
\BOOKMARK [3][-]{subsubsection.3.1.1}{\376\377\126\152\130\360\230\204\155\113\177\121\176\334\140\073\117\123\176\323\147\204}{subsection.3.1}% 19
\BOOKMARK [3][-]{subsubsection.3.1.2}{\376\377\127\372\116\216\000\040\000U\000-\000N\000e\000t\000\040\166\204\162\171\137\201\143\320\123\326\116\016\116\012\221\307\150\067\152\041\127\127\213\276\213\241}{subsection.3.1}% 20
\BOOKMARK [3][-]{subsubsection.3.1.3}{\376\377\145\366\225\364\153\145\135\114\121\145\166\204\117\115\177\156\177\026\170\001\133\236\163\260}{subsection.3.1}% 21
\BOOKMARK [2][-]{subsection.3.2}{\376\377\147\141\116\366\143\247\122\066\147\072\122\066\166\204\133\236\163\260}{section.3}% 22
\BOOKMARK [3][-]{subsubsection.3.2.1}{\376\377\174\173\122\053\117\341\140\157\166\204\124\021\221\317\123\026\116\016\207\215\124\010}{subsection.3.2}% 23
\BOOKMARK [3][-]{subsubsection.3.2.2}{\376\377\145\340\122\006\174\173\126\150\137\025\133\374\377\010\000C\000l\000a\000s\000s\000i\000f\000i\000e\000r\000-\000F\000r\000e\000e\000\040\000G\000u\000i\000d\000a\000n\000c\000e\377\011\166\204\173\227\154\325\133\236\163\260}{subsection.3.2}% 24
\BOOKMARK [2][-]{subsection.3.3}{\376\377\152\041\127\213\215\205\123\302\145\160\221\115\177\156\116\016\133\236\163\260\176\306\202\202}{section.3}% 25
\BOOKMARK [3][-]{subsubsection.3.3.1}{\376\377\177\121\176\334\176\323\147\204\123\302\145\160}{subsection.3.3}% 26
\BOOKMARK [3][-]{subsubsection.3.3.2}{\376\377\142\151\145\143\217\307\172\013\116\016\213\255\176\303\123\302\145\160}{subsection.3.3}% 27
\BOOKMARK [1][-]{section.4}{\376\377\133\236\232\214\176\323\147\234\116\016\122\006\147\220}{}% 28
\BOOKMARK [2][-]{subsection.4.1}{\376\377\133\236\232\214\163\257\130\203\116\016\213\276\177\156}{section.4}% 29
\BOOKMARK [3][-]{subsubsection.4.1.1}{\376\377\217\157\170\154\116\366\163\257\130\203\221\115\177\156}{subsection.4.1}% 30
\BOOKMARK [3][-]{subsubsection.4.1.2}{\376\377\145\160\143\156\226\306\220\011\123\326\116\016\230\204\131\004\164\006}{subsection.4.1}% 31
\BOOKMARK [3][-]{subsubsection.4.1.3}{\376\377\213\304\116\367\143\007\150\007\213\364\146\016}{subsection.4.1}% 32
\BOOKMARK [2][-]{subsection.4.2}{\376\377\152\041\127\213\213\255\176\303\217\307\172\013\122\006\147\220}{section.4}% 33
\BOOKMARK [3][-]{subsubsection.4.2.1}{\376\377\143\137\131\061\121\375\145\160\145\066\145\133\146\362\176\277\122\006\147\220}{subsection.4.2}% 34
\BOOKMARK [3][-]{subsubsection.4.2.2}{\376\377\116\015\124\014\213\255\176\303\226\066\153\265\166\204\116\055\225\364\176\323\147\234\123\357\211\306\123\026}{subsection.4.2}% 35
\BOOKMARK [2][-]{subsection.4.3}{\376\377\126\376\120\317\165\037\142\020\215\050\221\317\232\214\213\301}{section.4}% 36
\BOOKMARK [3][-]{subsubsection.4.3.1}{\376\377\145\340\147\141\116\366\165\037\142\020\176\323\147\234\134\125\171\072\116\016\215\050\221\317\213\304\117\060}{subsection.4.3}% 37
\BOOKMARK [3][-]{subsubsection.4.3.2}{\376\377\147\141\116\366\143\247\122\066\165\037\142\020\145\110\147\234\157\024\171\072}{subsection.4.3}% 38
\BOOKMARK [2][-]{subsection.4.4}{\376\377\133\371\153\324\133\236\232\214\116\016\155\210\207\215\170\024\172\166}{section.4}% 39
\BOOKMARK [3][-]{subsubsection.4.4.1}{\376\377\116\015\124\014\221\307\150\067\153\145\145\160\133\371\165\037\142\020\215\050\221\317\116\016\220\037\136\246\166\204\137\161\124\315}{subsection.4.4}% 40
\BOOKMARK [3][-]{subsubsection.4.4.2}{\376\377\177\121\176\334\155\361\136\246\116\016\133\275\136\246\133\371\152\041\127\213\140\047\200\375\166\204\137\161\124\315}{subsection.4.4}% 41
\BOOKMARK [1][-]{section.5}{\376\377\140\073\176\323\116\016\134\125\147\033}{}% 42
\BOOKMARK [1][-]{section.6}{\376\377\121\150\145\207\140\073\176\323}{}% 43
\BOOKMARK [1][-]{section.7}{\376\377\133\130\127\050\116\015\215\263\116\016\147\052\147\145\145\071\217\333\145\271\124\021}{}% 44
\BOOKMARK [1][-]{section.7}{\376\377\123\302\200\003\145\207\163\056}{}% 45
